<?xml version="1.0" encoding="UTF-8"?>
<!-- Generated by org.testng.reporters.JUnitReportReporter -->
<testsuite hostname="DESKTOP-ATT6UQO" failures="0" tests="1" name="TestPages.Test_DashboardPage" time="52.687" errors="0" timestamp="2024-02-12T10:55:29 IST" skipped="0">
  <testcase classname="TestPages.Test_DashboardPage" name="TestDashboard" time="52.687"/>
</testsuite> <!-- TestPages.Test_DashboardPage -->
