<?xml version="1.0" encoding="UTF-8"?>
<!-- Generated by org.testng.reporters.JUnitReportReporter -->
<testsuite hostname="DESKTOP-ATT6UQO" failures="0" tests="1" name="TestPages.Test_LoginPage" time="83.502" errors="0" timestamp="2024-02-11T10:16:23 IST" skipped="0">
  <testcase classname="TestPages.Test_LoginPage" name="TestLogin" time="83.502"/>
</testsuite> <!-- TestPages.Test_LoginPage -->
