<?xml version="1.0" encoding="UTF-8"?>
<!-- Generated by org.testng.reporters.JUnitReportReporter -->
<testsuite hostname="DESKTOP-ATT6UQO" failures="0" tests="1" name="TestPages.Test_DashboardPage" time="46.365" errors="0" timestamp="2024-02-11T10:19:02 IST" skipped="0">
  <testcase classname="TestPages.Test_DashboardPage" name="TestDashboard" time="46.365"/>
</testsuite> <!-- TestPages.Test_DashboardPage -->
