<?xml version="1.0" encoding="UTF-8"?>
<!-- Generated by org.testng.reporters.JUnitReportReporter -->
<testsuite hostname="DESKTOP-ATT6UQO" failures="0" tests="1" name="TestPages.Test_FreeSignupPage" time="141.062" errors="0" timestamp="2024-02-11T10:33:53 IST" skipped="0">
  <testcase classname="TestPages.Test_FreeSignupPage" name="TestFreeSignupPage" time="141.062"/>
</testsuite> <!-- TestPages.Test_FreeSignupPage -->
